1776911346452:travel --code BR
1776911375452:travel --code US
1776911539143:hlp
1776911542853:ehelp
1776911576011:help
1776911604973:viagem br
1776911609954:viagem us
1776911625358:cambio us
1776911644498:cambio URL
1776911647480:cambio url
1776911656752:cambio para URL
1776911676202:pais-por-nome brazil
1776911690740:feriados br
1776911697570:feriados us
1776911707659:cambio USD
1776911766447:viagem us
1778456095928:help
1778456198385:cambio USD
1778456236747:viagem US
1778456258743:viagem BR
1778456327960:cambio BR
1778456978467:cambio USD
